<?xml version="1.0" encoding="UTF-8"?>
<testsuite xmlns:xsi="http://www.w3.org/2001/XMLSchema-instance" xsi:noNamespaceSchemaLocation="https://maven.apache.org/surefire/maven-surefire-plugin/xsd/surefire-test-report-3.0.xsd" version="3.0" name="bp.GestionChequeV3.AppTest" time="0.474" tests="1" errors="0" skipped="0" failures="0">
  <properties>
    <property name="java.specification.version" value="21"/>
    <property name="sun.cpu.isalist" value="amd64"/>
    <property name="sun.jnu.encoding" value="Cp1252"/>
    <property name="java.class.path" value="C:\Users\pc\eclipse-workspace\GestionChequeV3\target\test-classes;C:\Users\pc\eclipse-workspace\GestionChequeV3\target\classes;C:\Users\pc\.m2\repository\org\openjfx\javafx-controls\21\javafx-controls-21.jar;C:\Users\pc\.m2\repository\org\openjfx\javafx-controls\21\javafx-controls-21-win.jar;C:\Users\pc\.m2\repository\org\openjfx\javafx-fxml\21\javafx-fxml-21.jar;C:\Users\pc\.m2\repository\org\openjfx\javafx-fxml\21\javafx-fxml-21-win.jar;C:\Users\pc\.m2\repository\org\openjfx\javafx-graphics\21\javafx-graphics-21.jar;C:\Users\pc\.m2\repository\org\openjfx\javafx-graphics\21\javafx-graphics-21-win.jar;C:\Users\pc\.m2\repository\org\openjfx\javafx-base\21\javafx-base-21.jar;C:\Users\pc\.m2\repository\org\openjfx\javafx-base\21\javafx-base-21-win.jar;C:\Users\pc\.m2\repository\com\h2database\h2\2.2.224\h2-2.2.224.jar;C:\Users\pc\.m2\repository\org\junit\jupiter\junit-jupiter-api\5.11.0\junit-jupiter-api-5.11.0.jar;C:\Users\pc\.m2\repository\org\opentest4j\opentest4j\1.3.0\opentest4j-1.3.0.jar;C:\Users\pc\.m2\repository\org\junit\platform\junit-platform-commons\1.11.0\junit-platform-commons-1.11.0.jar;C:\Users\pc\.m2\repository\org\apiguardian\apiguardian-api\1.1.2\apiguardian-api-1.1.2.jar;C:\Users\pc\.m2\repository\org\junit\jupiter\junit-jupiter-engine\5.11.0\junit-jupiter-engine-5.11.0.jar;C:\Users\pc\.m2\repository\org\junit\platform\junit-platform-engine\1.11.0\junit-platform-engine-1.11.0.jar;"/>
    <property name="java.vm.vendor" value="Oracle Corporation"/>
    <property name="sun.arch.data.model" value="64"/>
    <property name="user.variant" value=""/>
    <property name="java.vendor.url" value="https://java.oracle.com/"/>
    <property name="user.timezone" value="Africa/Casablanca"/>
    <property name="os.name" value="Windows 10"/>
    <property name="java.vm.specification.version" value="21"/>
    <property name="sun.java.launcher" value="SUN_STANDARD"/>
    <property name="user.country" value="FR"/>
    <property name="sun.boot.library.path" value="C:\Program Files\Java\jdk-21.0.2\bin"/>
    <property name="sun.java.command" value="C:\Users\pc\AppData\Local\Temp\surefire15151776147452830417\surefirebooter-20250729144419625_3.jar C:\Users\pc\AppData\Local\Temp\surefire15151776147452830417 2025-07-29T14-44-18_527-jvmRun1 surefire-20250729144419625_1tmp surefire_0-20250729144419625_2tmp"/>
    <property name="jdk.debug" value="release"/>
    <property name="surefire.test.class.path" value="C:\Users\pc\eclipse-workspace\GestionChequeV3\target\test-classes;C:\Users\pc\eclipse-workspace\GestionChequeV3\target\classes;C:\Users\pc\.m2\repository\org\openjfx\javafx-controls\21\javafx-controls-21.jar;C:\Users\pc\.m2\repository\org\openjfx\javafx-controls\21\javafx-controls-21-win.jar;C:\Users\pc\.m2\repository\org\openjfx\javafx-fxml\21\javafx-fxml-21.jar;C:\Users\pc\.m2\repository\org\openjfx\javafx-fxml\21\javafx-fxml-21-win.jar;C:\Users\pc\.m2\repository\org\openjfx\javafx-graphics\21\javafx-graphics-21.jar;C:\Users\pc\.m2\repository\org\openjfx\javafx-graphics\21\javafx-graphics-21-win.jar;C:\Users\pc\.m2\repository\org\openjfx\javafx-base\21\javafx-base-21.jar;C:\Users\pc\.m2\repository\org\openjfx\javafx-base\21\javafx-base-21-win.jar;C:\Users\pc\.m2\repository\com\h2database\h2\2.2.224\h2-2.2.224.jar;C:\Users\pc\.m2\repository\org\junit\jupiter\junit-jupiter-api\5.11.0\junit-jupiter-api-5.11.0.jar;C:\Users\pc\.m2\repository\org\opentest4j\opentest4j\1.3.0\opentest4j-1.3.0.jar;C:\Users\pc\.m2\repository\org\junit\platform\junit-platform-commons\1.11.0\junit-platform-commons-1.11.0.jar;C:\Users\pc\.m2\repository\org\apiguardian\apiguardian-api\1.1.2\apiguardian-api-1.1.2.jar;C:\Users\pc\.m2\repository\org\junit\jupiter\junit-jupiter-engine\5.11.0\junit-jupiter-engine-5.11.0.jar;C:\Users\pc\.m2\repository\org\junit\platform\junit-platform-engine\1.11.0\junit-platform-engine-1.11.0.jar;"/>
    <property name="sun.cpu.endian" value="little"/>
    <property name="user.home" value="C:\Users\pc"/>
    <property name="user.language" value="fr"/>
    <property name="java.specification.vendor" value="Oracle Corporation"/>
    <property name="java.version.date" value="2024-01-16"/>
    <property name="java.home" value="C:\Program Files\Java\jdk-21.0.2"/>
    <property name="file.separator" value="\"/>
    <property name="basedir" value="C:\Users\pc\eclipse-workspace\GestionChequeV3"/>
    <property name="java.vm.compressedOopsMode" value="32-bit"/>
    <property name="line.separator" value="&#10;"/>
    <property name="java.vm.specification.vendor" value="Oracle Corporation"/>
    <property name="java.specification.name" value="Java Platform API Specification"/>
    <property name="surefire.real.class.path" value="C:\Users\pc\AppData\Local\Temp\surefire15151776147452830417\surefirebooter-20250729144419625_3.jar"/>
    <property name="user.script" value=""/>
    <property name="sun.management.compiler" value="HotSpot 64-Bit Tiered Compilers"/>
    <property name="java.runtime.version" value="21.0.2+13-58"/>
    <property name="user.name" value="pc"/>
    <property name="stdout.encoding" value="Cp1252"/>
    <property name="path.separator" value=";"/>
    <property name="os.version" value="10.0"/>
    <property name="java.runtime.name" value="OpenJDK Runtime Environment"/>
    <property name="file.encoding" value="UTF-8"/>
    <property name="java.vm.name" value="OpenJDK 64-Bit Server VM"/>
    <property name="localRepository" value="C:\Users\pc\.m2\repository"/>
    <property name="java.vendor.url.bug" value="https://bugreport.java.com/bugreport/"/>
    <property name="java.io.tmpdir" value="C:\Users\pc\AppData\Local\Temp\"/>
    <property name="java.version" value="21.0.2"/>
    <property name="user.dir" value="C:\Users\pc\eclipse-workspace\GestionChequeV3"/>
    <property name="os.arch" value="amd64"/>
    <property name="java.vm.specification.name" value="Java Virtual Machine Specification"/>
    <property name="sun.os.patch.level" value=""/>
    <property name="native.encoding" value="Cp1252"/>
    <property name="java.library.path" value="C:\Program Files\Java\jdk-21.0.2\bin;C:\Windows\Sun\Java\bin;C:\Windows\system32;C:\Windows;C:\Users\pc\bin;C:\Program Files\Git\mingw64\bin;C:\Program Files\Git\usr\local\bin;C:\Program Files\Git\usr\bin;C:\Program Files\Git\usr\bin;C:\Program Files\Git\mingw64\bin;C:\Program Files\Git\usr\bin;C:\Users\pc\bin;C:\Program Files\Java\jdk-21.0.2\bin;C:\WiX;C:\Program Files\Microsoft MPI\Bin;C:\Windows\System32;&#10;C;C:\Program Files\Git\Windows;&#10;C;C:\Program Files\Git\Windows\System32\Wbem;&#10;C;C:\Program Files\Git\Windows\System32\WindowsPowerShell\v1.0;&#10;C;C:\Program Files\Git\Windows\System32\OpenSSH;C:\Program Files\Common Files\Oracle\Java\javapath;C:\Users\pc\Downloads\talend\java\bin;C:\MinGW\bin;C:\ehei\tp-maven\apache-maven-3.9.10\bin;C:\Program Files\Microsoft SQL Server\Client SDK\ODBC\170;C:\Program Files (x86)\GnuWin32\bin;C:\make-3.81-bin\bin;C:\Program Files\Docker\Docker\resources\bin;C:\xampp\php;C:\Program Files\Microsoft SQL Server\Client SDK\ODBC\170\Tools\Binn;C:\Program Files\dotnet;D:\Program Files\dotnet;C:\Program Files (x86)\Microsoft SQL Server\160\Tools\Binn;C:\Program Files\Microsoft SQL Server\160\Tools\Binn;C:\Program Files\Microsoft SQL Server\160\DTS\Binn;C:\Program Files (x86)\Microsoft SQL Server\160\DTS\Binn;C:\Program Files\Git\cmd;C:\Program Files\nodejs;C:\ProgramData\chocolatey\bin;C:\composer;C:\Program Files\Java\jdk-21\bin;C:\Users\pc\scoop\shims;C:\Users\pc\AppData\Local\Programs\Python\Python313\Scripts;C:\Users\pc\AppData\Local\Programs\Python\Python313;C:\Program Files\MySQL\MySQL Shell 8.0\bin;C:\Users\pc\AppData\Local\Microsoft\WindowsApps;C:\Users\pc\AppData\Local\Programs\Microsoft VS Code\bin;C:\Users\pc\AppData\Roaming\Composer\vendor\bin;C:\Users\pc\.dotnet\tools;C:\Users\pc\AppData\Roaming\npm;C:\Users\pc\AppData\Local\Microsoft\WinGet\Packages\Schniz.fnm_Microsoft.Winget.Source_8wekyb3d8bbwe;C:\Program Files\JetBrains\IntelliJ IDEA 2025.1\bin;C:\Program Files\Git\usr\bin\vendor_perl;C:\Program Files\Git\usr\bin\core_perl;."/>
    <property name="java.vm.info" value="mixed mode, sharing"/>
    <property name="stderr.encoding" value="Cp1252"/>
    <property name="java.vendor" value="Oracle Corporation"/>
    <property name="java.vm.version" value="21.0.2+13-58"/>
    <property name="sun.io.unicode.encoding" value="UnicodeLittle"/>
    <property name="java.class.version" value="65.0"/>
  </properties>
  <testcase name="shouldAnswerWithTrue" classname="bp.GestionChequeV3.AppTest" time="0.226"/>
</testsuite>